[15:10:20] [ServerMain/INFO]: Environment: Environment[sessionHost=https://sessionserver.mojang.com, servicesHost=https://api.minecraftservices.com, name=PROD]
[15:10:22] [ServerMain/INFO]: No existing world data, creating new world
[15:10:22] [ServerMain/INFO]: Loaded 1337 recipes
[15:10:22] [ServerMain/INFO]: Loaded 1448 advancements
[15:10:22] [Server thread/INFO]: Starting minecraft server version 1.21.3
[15:10:22] [Server thread/INFO]: Loading properties
[15:10:22] [Server thread/INFO]: Default game type: SURVIVAL
[15:10:22] [Server thread/INFO]: Generating keypair
[15:10:22] [Server thread/INFO]: Starting Minecraft server on *:25565
[15:10:23] [Server thread/INFO]: Using epoll channel type
[15:10:23] [Server thread/WARN]: **** SERVER IS RUNNING IN OFFLINE/INSECURE MODE!
[15:10:23] [Server thread/WARN]: The server will make no attempt to authenticate usernames. Beware.
[15:10:23] [Server thread/WARN]: While this makes the game possible to play without internet access, it also opens up the ability for hackers to connect with any username they choose.
[15:10:23] [Server thread/WARN]: To change this, set "online-mode" to "true" in the server.properties file.
[15:10:23] [Server thread/INFO]: Preparing level "world"
[15:10:28] [Server thread/INFO]: Preparing start region for dimension minecraft:overworld
[15:10:28] [Worker-Main-3/INFO]: Preparing spawn area: 2%
[15:10:29] [Worker-Main-1/INFO]: Preparing spawn area: 2%
[15:10:29] [Worker-Main-3/INFO]: Preparing spawn area: 2%
[15:10:30] [Worker-Main-3/INFO]: Preparing spawn area: 18%
[15:10:30] [Worker-Main-1/INFO]: Preparing spawn area: 18%
[15:10:31] [Worker-Main-2/INFO]: Preparing spawn area: 22%
[15:10:31] [Worker-Main-1/INFO]: Preparing spawn area: 51%
[15:10:32] [Worker-Main-3/INFO]: Preparing spawn area: 51%
[15:10:32] [Worker-Main-3/INFO]: Preparing spawn area: 51%
[15:10:32] [Server thread/INFO]: Time elapsed: 4146 ms
[15:10:33] [Server thread/INFO]: Done (9.897s)! For help, type "help"
[15:11:22] [Server thread/INFO]: JasserMC[/127.51.78.157:56403] logged in with entity id 17 at (-497.5, 74.0, 120.5)
[15:11:22] [Server thread/INFO]: JasserMC joined the game
[15:11:32] [Server thread/INFO]: JasserMC lost connection: Disconnected
[15:11:32] [Server thread/INFO]: JasserMC left the game
[15:12:32] [Server thread/INFO]: Server empty for 60 seconds, pausing
